<?xml version="1.0" encoding="UTF-8"?>
<testng-results total="1" passed="0" failed="1" skipped="0">
  <reporter-output>
  </reporter-output>
  <suite started-at="2021-05-12T10:32:48Z" name="Default suite" finished-at="2021-05-12T10:32:55Z" duration-ms="7479">
    <groups>
    </groups>
    <test started-at="2021-05-12T10:32:48Z" name="Default test" finished-at="2021-05-12T10:32:55Z" duration-ms="7479">
      <class name="Tests.GmailLoginPageTest">
        <test-method is-config="true" signature="SetUp()[pri:0, instance:Tests.GmailLoginPageTest@68f4865]" started-at="2021-05-12T16:02:48Z" name="SetUp" finished-at="2021-05-12T16:02:50Z" duration-ms="2562" status="PASS">
          <reporter-output>
          </reporter-output>
        </test-method> <!-- SetUp -->
        <test-method is-config="true" signature="LoginSetUp()[pri:0, instance:Tests.GmailLoginPageTest@68f4865]" started-at="2021-05-12T16:02:51Z" name="LoginSetUp" finished-at="2021-05-12T16:02:53Z" duration-ms="2744" status="PASS">
          <reporter-output>
          </reporter-output>
        </test-method> <!-- LoginSetUp -->
        <test-method signature="G_Login_email_Test()[pri:0, instance:Tests.GmailLoginPageTest@68f4865]" started-at="2021-05-12T16:02:53Z" name="G_Login_email_Test" finished-at="2021-05-12T16:02:55Z" duration-ms="2018" status="FAIL">
          <exception class="java.lang.NullPointerException">
            <message>
              <![CDATA[Cannot invoke "io.appium.java_client.AppiumDriver.get(String)" because "Pages.GmailLoginPage.driver" is null]]>
            </message>
            <full-stacktrace>
              <![CDATA[java.lang.NullPointerException: Cannot invoke "io.appium.java_client.AppiumDriver.get(String)" because "Pages.GmailLoginPage.driver" is null
	at Pages.GmailLoginPage.GmailLogin(GmailLoginPage.java:24)
	at Tests.GmailLoginPageTest.G_Login_email_Test(GmailLoginPageTest.java:39)
	at java.base/jdk.internal.reflect.NativeMethodAccessorImpl.invoke0(Native Method)
	at java.base/jdk.internal.reflect.NativeMethodAccessorImpl.invoke(NativeMethodAccessorImpl.java:64)
	at java.base/jdk.internal.reflect.DelegatingMethodAccessorImpl.invoke(DelegatingMethodAccessorImpl.java:43)
	at java.base/java.lang.reflect.Method.invoke(Method.java:564)
	at org.testng.internal.MethodInvocationHelper.invokeMethod(MethodInvocationHelper.java:80)
	at org.testng.internal.Invoker.invokeMethod(Invoker.java:714)
	at org.testng.internal.Invoker.invokeTestMethod(Invoker.java:901)
	at org.testng.internal.Invoker.invokeTestMethods(Invoker.java:1231)
	at org.testng.internal.TestMethodWorker.invokeTestMethods(TestMethodWorker.java:127)
	at org.testng.internal.TestMethodWorker.run(TestMethodWorker.java:111)
	at org.testng.TestRunner.privateRun(TestRunner.java:767)
	at org.testng.TestRunner.run(TestRunner.java:617)
	at org.testng.SuiteRunner.runTest(SuiteRunner.java:334)
	at org.testng.SuiteRunner.runSequentially(SuiteRunner.java:329)
	at org.testng.SuiteRunner.privateRun(SuiteRunner.java:291)
	at org.testng.SuiteRunner.run(SuiteRunner.java:240)
	at org.testng.SuiteRunnerWorker.runSuite(SuiteRunnerWorker.java:52)
	at org.testng.SuiteRunnerWorker.run(SuiteRunnerWorker.java:86)
	at org.testng.TestNG.runSuitesSequentially(TestNG.java:1198)
	at org.testng.TestNG.runSuitesLocally(TestNG.java:1123)
	at org.testng.TestNG.run(TestNG.java:1031)
	at org.testng.remote.AbstractRemoteTestNG.run(AbstractRemoteTestNG.java:115)
	at org.testng.remote.RemoteTestNG.initAndRun(RemoteTestNG.java:251)
	at org.testng.remote.RemoteTestNG.main(RemoteTestNG.java:77)
]]>
            </full-stacktrace>
          </exception> <!-- java.lang.NullPointerException -->
          <reporter-output>
          </reporter-output>
        </test-method> <!-- G_Login_email_Test -->
        <test-method is-config="true" signature="TearDown()[pri:0, instance:Tests.GmailLoginPageTest@68f4865]" started-at="2021-05-12T16:02:55Z" name="TearDown" finished-at="2021-05-12T16:02:55Z" duration-ms="3" status="PASS">
          <reporter-output>
          </reporter-output>
        </test-method> <!-- TearDown -->
      </class> <!-- Tests.GmailLoginPageTest -->
    </test> <!-- Default test -->
  </suite> <!-- Default suite -->
</testng-results>
